#! /usr/bin/vvp
:ivl_version "10.0 (stable)" "(v10_0)";
:ivl_delay_selection "TYPICAL";
:vpi_time_precision + 0;
:vpi_module "system";
:vpi_module "vhdl_sys";
:vpi_module "v2005_math";
:vpi_module "va_math";
S_0x8d51e0 .scope module, "integrator" "integrator" 2 1;
 .timescale 0 0;
    .port_info 0 /INPUT 1 "clk"
    .port_info 1 /INPUT 1 "rst"
    .port_info 2 /INPUT 11 "din"
    .port_info 3 /OUTPUT 11 "dout"
    .port_info 4 /NODIR 0 "unnamed"
P_0x8d5360 .param/l "NBIT" 0 3 1, +C4<00000000000000000000000000001011>;
P_0x8d53a0 .param/l "ND" 0 3 3, +C4<00000000000000000000000000000111>;
P_0x8d53e0 .param/l "NI" 0 3 4, +C4<00000000000000000000000000001000>;
P_0x8d5420 .param/l "NSAMPLES" 0 3 2, +C4<00000000000000000101010001100000>;
o0x7f70b9fde018 .functor BUFZ 1, C4<z>; HiZ drive
v0x8d54c0_0 .net "clk", 0 0, o0x7f70b9fde018;  0 drivers
o0x7f70b9fde048 .functor BUFZ 11, C4<zzzzzzzzzzz>; HiZ drive
v0x8ff670_0 .net "din", 10 0, o0x7f70b9fde048;  0 drivers
v0x8ff750_0 .var/s "dout", 10 0;
v0x8ff840_0 .var/i "i", 31 0;
v0x8ff920 .array/s "pipe", 7 0, 10 0;
o0x7f70b9fde258 .functor BUFZ 1, C4<z>; HiZ drive
v0x8ffb80_0 .net "rst", 0 0, o0x7f70b9fde258;  0 drivers
v0x8ffc40_0 .var/s "sum", 10 0;
v0x8ff920_6 .array/port v0x8ff920, 6;
E_0x8d6720 .event edge, v0x8ff920_6, v0x8ff670_0;
E_0x8d7460 .event posedge, v0x8d54c0_0;
    .scope S_0x8d51e0;
T_0 ;
    %wait E_0x8d7460;
    %load/vec4 v0x8ffb80_0;
    %flag_set/vec4 8;
    %jmp/0xz  T_0.0, 8;
    %pushi/vec4 0, 0, 32;
    %store/vec4 v0x8ff840_0, 0, 32;
T_0.2 ;
    %load/vec4 v0x8ff840_0;
    %cmpi/s 8, 0, 32;
    %jmp/0xz T_0.3, 5;
    %pushi/vec4 0, 0, 11;
    %ix/getv/s 3, v0x8ff840_0;
    %ix/load 4, 0, 0; Constant delay
    %assign/vec4/a/d v0x8ff920, 0, 4;
    %load/vec4 v0x8ff840_0;
    %addi 1, 0, 32;
    %store/vec4 v0x8ff840_0, 0, 32;
    %jmp T_0.2;
T_0.3 ;
    %pushi/vec4 0, 0, 11;
    %assign/vec4 v0x8ff750_0, 0;
    %jmp T_0.1;
T_0.0 ;
    %load/vec4 v0x8ff670_0;
    %ix/load 3, 0, 0;
    %flag_set/imm 4, 0;
    %ix/load 4, 0, 0; Constant delay
    %assign/vec4/a/d v0x8ff920, 0, 4;
    %pushi/vec4 1, 0, 32;
    %store/vec4 v0x8ff840_0, 0, 32;
T_0.4 ;
    %load/vec4 v0x8ff840_0;
    %cmpi/s 8, 0, 32;
    %jmp/0xz T_0.5, 5;
    %load/vec4 v0x8ff840_0;
    %pad/s 33;
    %subi 1, 0, 33;
    %ix/vec4/s 4;
    %load/vec4a v0x8ff920, 4;
    %ix/getv/s 3, v0x8ff840_0;
    %ix/load 4, 0, 0; Constant delay
    %assign/vec4/a/d v0x8ff920, 0, 4;
    %load/vec4 v0x8ff840_0;
    %addi 1, 0, 32;
    %store/vec4 v0x8ff840_0, 0, 32;
    %jmp T_0.4;
T_0.5 ;
T_0.1 ;
    %jmp T_0;
    .thread T_0;
    .scope S_0x8d51e0;
T_1 ;
    %wait E_0x8d6720;
    %load/vec4 v0x8ff670_0;
    %store/vec4 v0x8ffc40_0, 0, 11;
    %pushi/vec4 0, 0, 32;
    %store/vec4 v0x8ff840_0, 0, 32;
T_1.0 ;
    %load/vec4 v0x8ff840_0;
    %cmpi/s 8, 0, 32;
    %jmp/0xz T_1.1, 5;
    %load/vec4 v0x8ffc40_0;
    %ix/getv/s 4, v0x8ff840_0;
    %load/vec4a v0x8ff920, 4;
    %add;
    %store/vec4 v0x8ffc40_0, 0, 11;
    %load/vec4 v0x8ff840_0;
    %addi 1, 0, 32;
    %store/vec4 v0x8ff840_0, 0, 32;
    %jmp T_1.0;
T_1.1 ;
    %load/vec4 v0x8ffc40_0;
    %ix/load 4, 8, 0;
    %flag_set/imm 4, 0;
    %shiftr 4;
    %store/vec4 v0x8ff750_0, 0, 11;
    %jmp T_1;
    .thread T_1, $push;
# The file index is used to find the file name in the following table.
:file_names 4;
    "N/A";
    "<interactive>";
    "integrator.v";
    "./constants.v";
